# JRE version: OpenJDK Runtime Environment (23.0.2+7) (build 23.0.2+7-58)
# Java VM: OpenJDK 64-Bit Server VM (23.0.2+7-58, mixed mode, sharing, tiered, compressed oops, compressed class ptrs, g1 gc, windows-amd64)
GC Precious Log:
 CardTable entry size: 512
 Card Set container configuration: InlinePtr #cards 4 size 8 Array Of Cards #cards 16 size 48 Howl #buckets 8 coarsen threshold 3686 Howl Bitmap #cards 512 size 80 coarsen threshold 460 Card regions per heap region 1 cards per card region 4096
 CPUs: 16 total, 16 available
 Memory: 16068M
 Large Page Support: Disabled
 NUMA Support: Disabled
 Compressed Oops: Enabled (Zero based)
 Heap Region Size: 2M
 Heap Min Capacity: 8M
 Heap Initial Capacity: 252M
 Heap Max Capacity: 4018M
 Pre-touch: Disabled
 Parallel Workers: 13
 Concurrent Workers: 3
 Concurrent Refinement Workers: 13
 Periodic GC: Disabled
Heap:
 garbage-first heap   total reserved 4114432K, committed 61440K, used 41824K [0x0000000704e00000, 0x0000000800000000)
  region size 2048K, 6 young (12288K), 2 survivors (4096K)
 Metaspace       used 85613K, committed 86400K, reserved 1179648K
  class space    used 12004K, committed 12352K, reserved 1048576K
GC Heap History (20 events):
Event: 14.399 GC heap before
{Heap before GC invocations=11 (full 0):
 garbage-first heap   total reserved 4114432K, committed 59392K, used 33030K [0x0000000704e00000, 0x0000000800000000)
  region size 2048K, 8 young (16384K), 2 survivors (4096K)
 Metaspace       used 60111K, committed 60608K, reserved 1114112K
  class space    used 8179K, committed 8384K, reserved 1048576K
}
Event: 14.403 GC heap after
{Heap after GC invocations=12 (full 0):
 garbage-first heap   total reserved 4114432K, committed 59392K, used 25459K [0x0000000704e00000, 0x0000000800000000)
  region size 2048K, 2 young (4096K), 2 survivors (4096K)
 Metaspace       used 60111K, committed 60608K, reserved 1114112K
  class space    used 8179K, committed 8384K, reserved 1048576K
}
Event: 15.253 GC heap before
{Heap before GC invocations=13 (full 0):
 garbage-first heap   total reserved 4114432K, committed 59392K, used 45939K [0x0000000704e00000, 0x0000000800000000)
  region size 2048K, 13 young (26624K), 2 survivors (4096K)
 Metaspace       used 65885K, committed 66496K, reserved 1114112K
  class space    used 9146K, committed 9408K, reserved 1048576K
}
Event: 15.257 GC heap after
{Heap after GC invocations=14 (full 0):
 garbage-first heap   total reserved 4114432K, committed 59392K, used 26662K [0x0000000704e00000, 0x0000000800000000)
  region size 2048K, 1 young (2048K), 1 survivors (2048K)
 Metaspace       used 65885K, committed 66496K, reserved 1114112K
  class space    used 9146K, committed 9408K, reserved 1048576K
}
Event: 16.310 GC heap before
{Heap before GC invocations=14 (full 0):
 garbage-first heap   total reserved 4114432K, committed 59392K, used 49190K [0x0000000704e00000, 0x0000000800000000)
  region size 2048K, 13 young (26624K), 1 survivors (2048K)
 Metaspace       used 71174K, committed 71808K, reserved 1114112K
  class space    used 9999K, committed 10304K, reserved 1048576K
}
Event: 16.316 GC heap after
{Heap after GC invocations=15 (full 0):
 garbage-first heap   total reserved 4114432K, committed 59392K, used 28825K [0x0000000704e00000, 0x0000000800000000)
  region size 2048K, 2 young (4096K), 2 survivors (4096K)
 Metaspace       used 71174K, committed 71808K, reserved 1114112K
  class space    used 9999K, committed 10304K, reserved 1048576K
}
Event: 16.737 GC heap before
{Heap before GC invocations=15 (full 0):
 garbage-first heap   total reserved 4114432K, committed 59392K, used 49305K [0x0000000704e00000, 0x0000000800000000)
  region size 2048K, 12 young (24576K), 2 survivors (4096K)
 Metaspace       used 73093K, committed 73728K, reserved 1114112K
  class space    used 10385K, committed 10688K, reserved 1048576K
}
Event: 16.742 GC heap after
{Heap after GC invocations=16 (full 0):
 garbage-first heap   total reserved 4114432K, committed 59392K, used 30456K [0x0000000704e00000, 0x0000000800000000)
  region size 2048K, 1 young (2048K), 1 survivors (2048K)
 Metaspace       used 73093K, committed 73728K, reserved 1114112K
  class space    used 10385K, committed 10688K, reserved 1048576K
}
Event: 16.904 GC heap before
{Heap before GC invocations=16 (full 0):
 garbage-first heap   total reserved 4114432K, committed 59392K, used 50936K [0x0000000704e00000, 0x0000000800000000)
  region size 2048K, 11 young (22528K), 1 survivors (2048K)
 Metaspace       used 73111K, committed 73728K, reserved 1114112K
  class space    used 10385K, committed 10688K, reserved 1048576K
}
Event: 16.910 GC heap after
{Heap after GC invocations=17 (full 0):
 garbage-first heap   total reserved 4114432K, committed 59392K, used 30559K [0x0000000704e00000, 0x0000000800000000)
  region size 2048K, 1 young (2048K), 1 survivors (2048K)
 Metaspace       used 73111K, committed 73728K, reserved 1114112K
  class space    used 10385K, committed 10688K, reserved 1048576K
}
Event: 18.799 GC heap before
{Heap before GC invocations=18 (full 0):
 garbage-first heap   total reserved 4114432K, committed 59392K, used 48991K [0x0000000704e00000, 0x0000000800000000)
  region size 2048K, 11 young (22528K), 1 survivors (2048K)
 Metaspace       used 76470K, committed 77056K, reserved 1179648K
  class space    used 10860K, committed 11136K, reserved 1048576K
}
Event: 18.806 GC heap after
{Heap after GC invocations=19 (full 0):
 garbage-first heap   total reserved 4114432K, committed 59392K, used 32279K [0x0000000704e00000, 0x0000000800000000)
  region size 2048K, 2 young (4096K), 2 survivors (4096K)
 Metaspace       used 76470K, committed 77056K, reserved 1179648K
  class space    used 10860K, committed 11136K, reserved 1048576K
}
Event: 45.276 GC heap before
{Heap before GC invocations=19 (full 0):
 garbage-first heap   total reserved 4114432K, committed 59392K, used 48663K [0x0000000704e00000, 0x0000000800000000)
  region size 2048K, 10 young (20480K), 2 survivors (4096K)
 Metaspace       used 79754K, committed 80384K, reserved 1179648K
  class space    used 11325K, committed 11584K, reserved 1048576K
}
Event: 45.288 GC heap after
{Heap after GC invocations=20 (full 0):
 garbage-first heap   total reserved 4114432K, committed 59392K, used 33704K [0x0000000704e00000, 0x0000000800000000)
  region size 2048K, 2 young (4096K), 2 survivors (4096K)
 Metaspace       used 79754K, committed 80384K, reserved 1179648K
  class space    used 11325K, committed 11584K, reserved 1048576K
}
Event: 499.341 GC heap before
{Heap before GC invocations=20 (full 0):
 garbage-first heap   total reserved 4114432K, committed 59392K, used 48040K [0x0000000704e00000, 0x0000000800000000)
  region size 2048K, 10 young (20480K), 2 survivors (4096K)
 Metaspace       used 84247K, committed 84928K, reserved 1179648K
  class space    used 11924K, committed 12224K, reserved 1048576K
}
Event: 499.349 GC heap after
{Heap after GC invocations=21 (full 0):
 garbage-first heap   total reserved 4114432K, committed 59392K, used 34940K [0x0000000704e00000, 0x0000000800000000)
  region size 2048K, 2 young (4096K), 2 survivors (4096K)
 Metaspace       used 84247K, committed 84928K, reserved 1179648K
  class space    used 11924K, committed 12224K, reserved 1048576K
}
Event: 3545.141 GC heap before
{Heap before GC invocations=22 (full 0):
 garbage-first heap   total reserved 4114432K, committed 61440K, used 47228K [0x0000000704e00000, 0x0000000800000000)
  region size 2048K, 9 young (18432K), 2 survivors (4096K)
 Metaspace       used 84999K, committed 85696K, reserved 1179648K
  class space    used 11974K, committed 12288K, reserved 1048576K
}
Event: 3545.193 GC heap after
{Heap after GC invocations=23 (full 0):
 garbage-first heap   total reserved 4114432K, committed 61440K, used 35969K [0x0000000704e00000, 0x0000000800000000)
  region size 2048K, 2 young (4096K), 2 survivors (4096K)
 Metaspace       used 84999K, committed 85696K, reserved 1179648K
  class space    used 11974K, committed 12288K, reserved 1048576K
}
Event: 5350.914 GC heap before
{Heap before GC invocations=23 (full 0):
 garbage-first heap   total reserved 4114432K, committed 61440K, used 48257K [0x0000000704e00000, 0x0000000800000000)
  region size 2048K, 9 young (18432K), 2 survivors (4096K)
 Metaspace       used 85271K, committed 85952K, reserved 1179648K
  class space    used 11975K, committed 12288K, reserved 1048576K
}
Event: 5350.970 GC heap after
{Heap after GC invocations=24 (full 0):
 garbage-first heap   total reserved 4114432K, committed 61440K, used 35680K [0x0000000704e00000, 0x0000000800000000)
  region size 2048K, 2 young (4096K), 2 survivors (4096K)
 Metaspace       used 85271K, committed 85952K, reserved 1179648K
  class space    used 11975K, committed 12288K, reserved 1048576K
}

